Arguments: 
  C:\Program Files\nodejs\node.exe C:\Program Files (x86)\Yarn\bin\yarn.js add angular-router-loader -D

PATH: 
  C:\Program Files (x86)\Common Files\Oracle\Java\javapath;C:\ProgramData\Oracle\Java\javapath;C:\Windows\system32;C:\Windows;C:\Windows\System32\Wbem;C:\Windows\System32\WindowsPowerShell\v1.0\;C:\Windows\System32\OpenSSH\;C:\Program Files\PuTTY\;C:\Program Files\Java\jdk1.8.0_92\bin;C:\Program Files\Java\jre1.8.0_92\bin;C:\xampp\php\;C:\xampp\mysql\bin\;C:\Program Files\OpenSSL-Win64\bin;C:\Program Files (x86)\Yarn\bin\;C:\ProgramData\chocolatey\bin;C:\Windows\ngrok.exe;C:\Users\TCHETCHE\AppData\Roaming\nvm;C:\Program Files\nodejs;C:\Program Files (x86)\QuickTime\QTSystem\;C:\Program Files\Git\cmd;C:\Users\TCHETCHE\AppData\Roaming\Python\Python37\Scripts;C:\Users\TCHETCHE\AppData\Roaming\Python\Python37\site-packages;C:\Program Files\Java\jre1.8.0_211\bin;C:\Program Files\dotnet\;C:\Program Files\Microsoft SQL Server\130\Tools\Binn\;C:\Program Files\Microsoft SQL Server\Client SDK\ODBC\170\Tools\Binn\;C:\Program Files\nodejs\;C:\Program Files\Symfony;C:\composer;C:\Gradle\gradle-6.0.1\bin;C:\Users\TCHETCHE\AppData\Local\Programs\Python\Python37-32\Scripts\;C:\Users\TCHETCHE\AppData\Local\Programs\Python\Python37-32\;C:\Program Files (x86)\Python\Scripts\;C:\Program Files (x86)\Python\;C:\Users\TCHETCHE\AppData\Local\Microsoft\WindowsApps;C:\Users\TCHETCHE\AppData\Local\Yarn\bin;C:\Program Files\JetBrains\WebStorm 2019.3.2\bin;;C:\Users\TCHETCHE\AppData\Local\Programs\Microsoft VS Code\bin;C:\Users\TCHETCHE\AppData\Roaming\nvm;C:\Program Files\nodejs;C:\Program Files\heroku\bin;C:\Program Files\JetBrains\IntelliJ IDEA Community Edition 2019.1.3\bin;;C:\Users\TCHETCHE\AppData\Roaming\npm;C:\Program Files\JetBrains\PhpStorm 2019.3\bin;;C:\Users\TCHETCHE\AppData\Roaming\Composer\vendor\bin

Yarn version: 
  1.10.1

Node version: 
  12.13.0

Platform: 
  win32 x64

Trace: 
  Error: connect ETIMEDOUT 104.16.21.35:443
      at TCPConnectWrap.afterConnect [as oncomplete] (net.js:1128:14)

npm manifest: 
  {
    "name": "my-angular-site",
    "version": "0.0.0",
    "scripts": {
      "ng": "ng",
      "start": "ng serve",
      "build": "ng build",
      "test": "ng test",
      "lint": "ng lint",
      "e2e": "ng e2e"
    },
    "private": true,
    "dependencies": {
      "@angular-devkit/architect": "^0.1000.1",
      "@angular/animations": "~10.0.2",
      "@angular/common": "~10.0.2",
      "@angular/compiler": "~10.0.2",
      "@angular/core": "~10.0.2",
      "@angular/forms": "~10.0.2",
      "@angular/platform-browser": "~10.0.2",
      "@angular/platform-browser-dynamic": "~10.0.2",
      "@angular/router": "~10.0.2",
      "bulma": "^0.9.0",
      "rxjs": "~6.6.0",
      "tslib": "^1.9.0",
      "zone.js": "~0.10.3"
    },
    "devDependencies": {
      "@angular-devkit/build-angular": "^0.1000.1",
      "@angular/cli": "~10.0.1",
      "@angular/compiler-cli": "~10.0.2",
      "@angular/language-service": "~10.0.2",
      "@types/node": "~8.9.4",
      "ts-node": "~7.0.0",
      "tslint": "~5.15.0",
      "typescript": "~3.9.6"
    }
  }

yarn manifest: 
  No manifest

Lockfile: 
  No lockfile
